{
  "RSpec": {
    "coverage": {
      "/home/mohamed-emam/emam-project/customer_support_tickets/spec/controllers/requests_controller_spec.rb": [
        1,
        1,
        null,
        1,
        1,
        1,
        1,
        1,
        null,
        1,
        1,
        1,
        null,
        1,
        1,
        null,
        1,
        1,
        null,
        1,
        1,
        null,
        1,
        1,
        1,
        null,
        null,
        1,
        1,
        1,
        1,
        1,
        1,
        1,
        null,
        null,
        1,
        1,
        1,
        1,
        1,
        1,
        1,
        1,
        1,
        1,
        null,
        null,
        1,
        1,
        1,
        1,
        1,
        null,
        null,
        null,
        null,
        null,
        null,
        null,
        2,
        null,
        null,
        null,
        1,
        1,
        1,
        1,
        1,
        1,
        null,
        1,
        1,
        null,
        1,
        1,
        null,
        null,
        1,
        1,
        1,
        1,
        1,
        null,
        1,
        1,
        1,
        null,
        null,
        1,
        1,
        1,
        1,
        1,
        1,
        1,
        null,
        null,
        null,
        null,
        null,
        null,
        null,
        1,
        1,
        1,
        null,
        null,
        1,
        1,
        1,
        1,
        1,
        1,
        null,
        null,
        null,
        null,
        2,
        null,
        null,
        null,
        1,
        1,
        1,
        null,
        null,
        null
      ],
      "/home/mohamed-emam/emam-project/customer_support_tickets/spec/rails_helper.rb": [
        null,
        1,
        1,
        null,
        1,
        1,
        1,
        null,
        null,
        null,
        null,
        null,
        null,
        null,
        null,
        null,
        null,
        null,
        null,
        null,
        null,
        null,
        null,
        null,
        null,
        null,
        1,
        null,
        1,
        null,
        1,
        null,
        null,
        null,
        null,
        1,
        null,
        null,
        null,
        null,
        null,
        null,
        null,
        null,
        null,
        null,
        null,
        null,
        null,
        null,
        1,
        null,
        null,
        1,
        null,
        null,
        1,
        1,
        1,
        1,
        null,
        null,
        1,
        11,
        11,
        null,
        null,
        null
      ],
      "/home/mohamed-emam/emam-project/customer_support_tickets/config/environment.rb": [
        null,
        1,
        null,
        null,
        1
      ],
      "/home/mohamed-emam/emam-project/customer_support_tickets/config/application.rb": [
        1,
        null,
        1,
        null,
        null,
        null,
        1,
        null,
        1,
        1,
        null,
        null,
        null,
        null,
        null,
        null,
        null,
        null,
        null,
        null,
        null,
        null,
        null,
        1,
        1,
        1,
        1,
        1,
        null,
        1,
        1,
        null,
        null,
        null,
        null,
        null,
        null,
        1,
        null,
        1,
        null,
        null
      ],
      "/home/mohamed-emam/emam-project/customer_support_tickets/config/boot.rb": [
        1,
        null,
        1
      ],
      "/home/mohamed-emam/emam-project/customer_support_tickets/config/environments/test.rb": [
        1,
        null,
        null,
        null,
        null,
        null,
        null,
        1,
        null,
        null,
        null,
        null,
        1,
        null,
        null,
        1,
        1,
        null,
        null,
        1,
        1,
        null,
        null,
        1,
        null,
        null,
        1,
        null,
        null,
        null,
        null,
        1,
        null,
        null,
        1,
        null,
        null,
        1,
        null,
        null,
        null,
        null
      ],
      "/home/mohamed-emam/emam-project/customer_support_tickets/config/initializers/assets.rb": [
        null,
        null,
        null,
        1,
        null,
        null,
        null,
        null,
        null,
        null,
        null
      ],
      "/home/mohamed-emam/emam-project/customer_support_tickets/config/initializers/backtrace_silencers.rb": [
        null,
        null,
        null,
        null,
        null,
        null,
        null
      ],
      "/home/mohamed-emam/emam-project/customer_support_tickets/config/initializers/cookies_serializer.rb": [
        null,
        null,
        1
      ],
      "/home/mohamed-emam/emam-project/customer_support_tickets/config/initializers/devise_token_auth.rb": [
        1,
        null,
        null,
        null,
        null,
        null,
        null,
        null,
        null,
        null,
        null,
        null,
        null,
        null,
        null,
        null,
        null,
        null,
        null,
        null,
        null,
        null,
        null,
        null,
        null,
        null,
        null,
        null,
        null,
        null,
        null,
        null,
        null,
        null,
        null,
        null,
        null,
        null,
        null,
        null,
        null,
        null,
        null,
        null,
        null,
        null,
        null,
        null
      ],
      "/home/mohamed-emam/emam-project/customer_support_tickets/config/initializers/filter_parameter_logging.rb": [
        null,
        null,
        null,
        1
      ],
      "/home/mohamed-emam/emam-project/customer_support_tickets/config/initializers/inflections.rb": [
        null,
        null,
        null,
        null,
        null,
        null,
        null,
        null,
        null,
        null,
        null,
        null,
        null,
        null,
        null,
        null
      ],
      "/home/mohamed-emam/emam-project/customer_support_tickets/config/initializers/mime_types.rb": [
        null,
        null,
        null,
        null,
        1
      ],
      "/home/mohamed-emam/emam-project/customer_support_tickets/config/initializers/session_store.rb": [
        null,
        null,
        1
      ],
      "/home/mohamed-emam/emam-project/customer_support_tickets/config/initializers/wicked_pdf.rb": [
        null,
        null,
        null,
        null,
        null,
        null,
        null,
        null,
        null,
        null,
        1,
        null,
        null,
        null,
        null,
        null,
        null,
        null,
        null,
        null,
        null
      ],
      "/home/mohamed-emam/emam-project/customer_support_tickets/config/initializers/wrap_parameters.rb": [
        null,
        null,
        null,
        null,
        null,
        null,
        1,
        1,
        null,
        null,
        null,
        null,
        null,
        null
      ],
      "/home/mohamed-emam/emam-project/customer_support_tickets/config/routes.rb": [
        1,
        1,
        null,
        1,
        null,
        null,
        null,
        null,
        null,
        null,
        null,
        null,
        null,
        null,
        null,
        null,
        null,
        null,
        null,
        1,
        1,
        1,
        null,
        null,
        null,
        1,
        1,
        1,
        null,
        null,
        null,
        1,
        null,
        null,
        null,
        null,
        null,
        null,
        null,
        null,
        null,
        null,
        null,
        null,
        null,
        null,
        null,
        null,
        null,
        null,
        null,
        null,
        null,
        null,
        null,
        null,
        null,
        null,
        null,
        null,
        null,
        null,
        null,
        null,
        null,
        null,
        null,
        null,
        null,
        null,
        null,
        null,
        null
      ],
      "/home/mohamed-emam/emam-project/customer_support_tickets/app/models/user.rb": [
        1,
        null,
        1,
        null,
        1,
        1,
        6,
        null,
        null
      ],
      "/home/mohamed-emam/emam-project/customer_support_tickets/app/helpers/application_helper.rb": [
        1,
        null
      ],
      "/home/mohamed-emam/emam-project/customer_support_tickets/app/helpers/requests_helper.rb": [
        1,
        null
      ],
      "/home/mohamed-emam/emam-project/customer_support_tickets/app/helpers/users_helper.rb": [
        1,
        null
      ],
      "/home/mohamed-emam/emam-project/customer_support_tickets/app/helpers/welcome_helper.rb": [
        1,
        null
      ],
      "/home/mohamed-emam/emam-project/customer_support_tickets/app/controllers/requests_controller.rb": [
        1,
        1,
        1,
        null,
        1,
        10,
        10,
        10,
        10,
        3,
        3,
        null,
        null,
        null,
        3,
        3,
        null,
        null,
        null,
        null,
        1,
        0,
        0,
        null,
        null,
        null,
        1,
        1,
        1,
        1,
        null,
        1,
        1,
        null,
        0,
        null,
        null,
        null,
        1,
        1,
        1,
        null,
        0,
        null,
        null,
        null,
        1,
        1,
        1,
        null,
        null,
        1,
        1,
        1,
        1,
        null,
        null,
        null,
        1,
        1,
        2,
        null,
        null,
        1,
        2,
        null,
        null,
        1,
        10,
        1,
        null,
        9,
        null,
        null,
        null
      ],
      "/home/mohamed-emam/emam-project/customer_support_tickets/app/controllers/application_controller.rb": [
        1,
        1,
        null,
        null,
        1,
        1,
        1,
        1,
        null,
        1,
        1,
        0,
        null,
        null
      ],
      "/home/mohamed-emam/emam-project/customer_support_tickets/spec/controllers/users_controller_spec.rb": [
        1,
        null,
        1,
        1,
        1,
        null,
        1,
        1,
        1,
        null,
        1,
        1,
        null,
        1,
        1,
        null,
        null,
        1,
        1,
        1,
        1,
        null,
        null,
        null,
        1,
        1,
        1,
        1,
        null,
        null,
        null,
        null
      ],
      "/home/mohamed-emam/emam-project/customer_support_tickets/app/controllers/users_controller.rb": [
        1,
        1,
        1,
        1,
        null,
        1,
        1,
        1,
        2,
        null,
        null,
        null,
        1,
        0,
        0,
        null,
        0,
        null,
        null,
        null,
        1,
        0,
        0,
        null,
        null,
        1,
        0,
        0,
        null,
        null,
        1,
        1,
        0,
        null,
        null,
        1,
        0,
        null,
        null,
        1,
        2,
        1,
        null,
        null,
        null
      ],
      "/home/mohamed-emam/emam-project/customer_support_tickets/spec/controllers/welcome_controller_spec.rb": [
        1,
        null,
        1,
        null,
        1,
        1,
        1,
        1,
        null,
        null,
        null,
        null
      ],
      "/home/mohamed-emam/emam-project/customer_support_tickets/app/controllers/welcome_controller.rb": [
        1,
        1,
        null,
        null
      ],
      "/home/mohamed-emam/emam-project/customer_support_tickets/app/models/request_status.rb": [
        1,
        1,
        null
      ],
      "/home/mohamed-emam/emam-project/customer_support_tickets/app/models/admin.rb": [
        1,
        null
      ],
      "/home/mohamed-emam/emam-project/customer_support_tickets/app/models/customer.rb": [
        1,
        1,
        null
      ],
      "/home/mohamed-emam/emam-project/customer_support_tickets/app/models/support_agent.rb": [
        1,
        null
      ],
      "/home/mohamed-emam/emam-project/customer_support_tickets/app/models/request.rb": [
        1,
        1,
        1,
        1,
        6,
        null,
        null
      ]
    },
    "timestamp": 1472247193
  }
}
